<testsuites id="" name="" tests="4" failures="0" skipped="0" errors="0" time="37.530460999999995">
<testsuite name="create-patient-list-spa.spec.ts" timestamp="2025-11-27T10:50:04.319Z" hostname="" tests="1" failures="0" skipped="0" time="7.056" errors="0">
<testcase name="Crear lista de pacientes &quot;Pacientes offline&quot;" classname="create-patient-list-spa.spec.ts" time="7.056">
</testcase>
</testsuite>
<testsuite name="create-patient-spa.spec.ts" timestamp="2025-11-27T10:50:04.319Z" hostname="" tests="1" failures="0" skipped="0" time="5.469" errors="0">
<testcase name="Crear paciente y verificar ficha" classname="create-patient-spa.spec.ts" time="5.469">
</testcase>
</testsuite>
<testsuite name="login-legacy.spec.ts" timestamp="2025-11-27T10:50:04.319Z" hostname="" tests="1" failures="0" skipped="0" time="0.931" errors="0">
<testcase name="Login en Legacy UI" classname="login-legacy.spec.ts" time="0.931">
</testcase>
</testsuite>
<testsuite name="search-patient-spa.spec.ts" timestamp="2025-11-27T10:50:04.319Z" hostname="" tests="1" failures="0" skipped="0" time="22.772" errors="0">
<testcase name="Creación y búsqueda de paciente + lista + visita completa" classname="search-patient-spa.spec.ts" time="22.772">
</testcase>
</testsuite>
</testsuites>